../docs/Local_Development.html
../docs/Monolith.html
../docs/Code_Review.html
../docs/Pre_Merge_Hooks.html
../docs/Active_Passive_Clusters.html
../docs/Microservices.html
../docs/Leftshift_Reliability_Design.html
../docs/Graceful_Service_Degradation_Individual_CUJs_.html
../docs/Left_Shift_Performance_Testing.html
../docs/Graceful_Service_Degradation_Universal_.html
../docs/Bounded_Context.html
../docs/Protobufs.html
../docs/Smoke_Tests.html
../docs/Automated_Unit_Testing.html
../docs/Multi_Service_Development.html
../docs/Distributed_Systems_Awareness.html
../docs/Deployments_in_Place.html
../docs/Feature_Flags.html
../docs/Active_Active_Multi_Cluster.html
../docs/Basic_Chaos_Testing.html
../docs/Serious_Design_Domain_Driven_Design.html
../docs/Design_Around_Universal_Failure_Domains.html
../docs/Sharded_Data.html
../docs/Manual_Tests.html
../docs/Code_Version_Control.html
../docs/functional_tests.html
../docs/semi_automated_integration.html
../docs/Data_versioning.html
../docs/traffic_shifting.html
../docs/instrumentation_for_in_process_traces.html
../docs/Backwards_Version_Compatibility_by_default.html
../docs/Canary_Deployments.html
../docs/Left_Shift_QA_testing_SDET_.html
../docs/E2E_testing.html
../docs/Multi_Cluster_Rollout_Policy.html
../docs/Universal_Smart_Retries.html
../docs/Sharded_Serving.html
../docs/manual_integration_tests.html
../docs/regular_release_cadence.html
../docs/containers.html
../docs/Blue_Green_Deployments.html
../docs/Fuzz_Testing.html
../docs/Distributed_systems_no_active_passive_.html
../docs/Automatic_assured_capacity_and_performance_testing.html
../docs/andon_cord_big_red_button.html
../docs/Code_Quality_Threshold_code_reuse_preferred_.html
../docs/Low_Context_Architecture.html
../docs/Language_Readability.html
../docs/Only_customize_components_needing_customization.html
../docs/Design_for_Chaos.html
../docs/Formal_methods_e.g._TLA_.html
../docs/Local_data_storage.html
../docs/Single_Zone.html
../docs/DNS__SImple_LB.html
../docs/Basic_linear_capacity_projection.html
../docs/Advanced_Loadbalancing.html
../docs/IaC.html
../docs/Understand_Infrastructure_Failure_Domains.html
../docs/Auto_Failover.html
../docs/Failure_Testing_in_Prod.html
../docs/N_1_as_standard.html
../docs/N_2_Thinking.html
../docs/N_2_Global_Planning.html
../docs/Pet_Host.html
../docs/1_computer.html
../docs/distributed_storage.html
../docs/alternate_site_replication.html
../docs/Cattle_Infrastructure.html
../docs/Container_Orchestrator.html
../docs/Auto_Scaling.html
../docs/Eliminate_SPOFs_hardware__software_.html
../docs/Service_Discovery.html
../docs/Drain_Spill_N_S__E_W_.html
../docs/Basic_Loadtesting.html
../docs/Multi_Zone.html
../docs/Holtz-Winter_capacity_projections.html
../docs/Failure_Injection.html
../docs/N_1_Regional_Planning.html
../docs/L7_Global_LB.html
../docs/High_Water_Mark_Prediction.html
../docs/Assured_Capacity_Load_Testing.html
../docs/Real_World_Traffic_Load_Testing.html
../docs/L4_Regional_Load_Balancing.html
../docs/Multi_Region.html
../docs/Off-host_backup.html
../docs/RPO_RTO_defined.html
../docs/DR_Plan.html
../docs/RPO_RTO_refined.html
../docs/DR_plan_simulated_tabletop.html
../docs/DR_plan_tested_periodically.html
../docs/Continuous_Integration.html
../docs/Continuous_Delivery.html
../docs/Regular_BCP_Testing_run_from_alternate_site_.html
../docs/_Based_Traffic_Steering.html
../docs/Active_Active_Datastores.html
../docs/Internal_Rate_Limiting.html
../docs/Autonomous_Response_Systems.html
../docs/Automatic_Rollbacks.html
../docs/Manually_created_machines.html
../docs/Manual_VM_Images.html
../docs/Custom_VMs_via_semi-automation.html
../docs/ITIL_style_NOC.html
../docs/DR_Site_Exists.html
../docs/Manual_remediation_playbooks.html
../docs/Formal_Incident_Response_Roles.html
../docs/Formal_Incident_Response_Processes.html
../docs/Rollbacks_Rollforwards_tested.html
../docs/Continuous_Deployment.html
../docs/External_Rate_Limiting.html
../docs/Centralized_Production_Changelog.html
../docs/Proactive_DDoS_Countermeasures.html
../docs/Load_Prediction.html
../docs/Manual_Remediation.html
../docs/Scheduled_Downtime.html
../docs/Basic_Incident_Management.html
../docs/Repeatable_Deployments.html
../docs/Automation_of_Toil.html
../docs/Problem_Management_Function.html
../docs/Dedicated_Operations_Tooling.html
../docs/Automated_Service_Discovery.html
../docs/Data_Collection_Automation.html
../docs/Mostly_Automated_Remediation.html
../docs/Patching_Windows.html
../docs/Gold_Image_Automation.html
../docs/Central_Certificate_Rotation.html
../docs/Breakglass_Secret_Access.html
../docs/Global_Policy_Enforcement.html
../docs/Vanilla_DDoS_Protection.html
../docs/DiRT_Testing.html
../docs/Product_Specific_DDoS_Protection_e.g._WAF_.html
../docs/Host_Metrics_and_Logging.html
../docs/Per_Host_Alarms.html
../docs/Host_Ping_Tests.html
../docs/Synthetic_Monitoring.html
../docs/APM_Metrics_and_Traces.html
../docs/Internal_SLAs.html
../docs/Error_Budgets.html
../docs/Custom_In_Process_Tracing.html
../docs/Cross_Service_Transaction_Testing.html
../docs/_Multi_Machine_Debugging.html
../docs/Anomaly_Detection.html
../docs/Observability_Integration_Across_Tools.html
../docs/On_host_log_grep.html
../docs/SSH_to_Grep_Logs.html
../docs/Centralized_Log_Collection.html
../docs/Realtime_Centralized_Log_Analytics.html
../docs/Automated_Topology_View.html
../docs/Service_Level_Indicators_SLI_.html
../docs/Record_and_Replay_Traffic.html
../docs/Advanced_Vizualizations_heatmaps_.html
../docs/Near_Miss_Detection.html
../docs/Service_Level_Objectives_SLO_.html
../docs/Event_Correlation.html
../docs/High_Context_Behaviours.html
../docs/RCA_5_Whys.html
../docs/Incentivise_trust_safety.html
../docs/Understand_Business_Impacts.html
../docs/Blameless_Postmortems.html
../docs/Postmortem_reviews_actions.html
../docs/Single_Central_CAB.html
../docs/Holistic_View_of_R9y_as_high_value.html
../docs/Reliability_Executive_Sponsor_exists.html
../docs/Reliability_has_a_seat_at_the_table.html
../docs/R9y_is_a_product_differentiator.html
../docs/R9y_can_stop_feature_launch.html
../docs/Proactive_Risk_and_Scaling_Analysis.html
../docs/Managing_pet_configuration_drift.html
../docs/Measure_Everything.html
../docs/Data_Driven_Decisions.html
../docs/Service_Ownership.html
../docs/Incentivise_cross_silo_collaboration.html
../docs/Dedicated_R9y_staffing.html
../docs/Change_Freezes.html
../docs/Vertical_Scale_is_an_Antipattern.html
../docs/SRE_SWE_roles_introduced.html
../docs/Empowered_R9y_staff.html
../docs/R9y_Embedded_in_High_Level_Strategy_and_Operations.html
../docs/Advanced_Cost_Optimization.html
../docs/Focus_on_prevention_and_near_misses_instead_of_outages.html
../docs/TODO_Lists.html
../docs/Waterfall_Projects_PMO.html
../docs/SMART_Goals.html
../docs/Goals_->_Objectives_OKRs_.html
../docs/Architecture_Reviews.html
../docs/High_Performing_Staff_Promotion_and_Hiring_.html
../docs/Reactive_Risk_Analysis.html
../docs/Basic_Cost_Optimisation.html
../docs/Introducing_Dedicated_SREs.html
../docs/Toil_Budgets.html
../docs/Decreased_Reliance_on_3rd_party_SaaS.html
